<?xml version="1.0" encoding="UTF-8"?>
<coverage generated="1547203944678" clover="3.2.0">
  <project timestamp="1547203944678" name="All files">
    <metrics statements="74" coveredstatements="66" conditionals="49" coveredconditionals="40" methods="10" coveredmethods="9" elements="133" coveredelements="115" complexity="0" loc="74" ncloc="74" packages="2" files="3" classes="3">
      <package name="components">
        <metrics statements="43" coveredstatements="39" conditionals="37" coveredconditionals="30" methods="6" coveredmethods="6"/>
        <file name="Datagrid.vue" path="/Users/prsevero/dev/britecore/src/components/Datagrid.vue">
          <metrics statements="43" coveredstatements="39" conditionals="37" coveredconditionals="30" methods="6" coveredmethods="6"/>
          <line num="45" count="2" type="stmt"/>
          <line num="47" count="4" type="stmt"/>
          <line num="53" count="19" type="stmt"/>
          <line num="73" count="6" type="stmt"/>
          <line num="74" count="14" type="cond" truecount="2" falsecount="0"/>
          <line num="75" count="4" type="cond" truecount="1" falsecount="1"/>
          <line num="79" count="12" type="stmt"/>
          <line num="83" count="3" type="cond" truecount="0" falsecount="1"/>
          <line num="87" count="450" type="stmt"/>
          <line num="92" count="106" type="cond" truecount="3" falsecount="0"/>
          <line num="98" count="0" type="stmt"/>
          <line num="101" count="0" type="cond" truecount="0" falsecount="2"/>
          <line num="102" count="0" type="stmt"/>
          <line num="103" count="0" type="stmt"/>
          <line num="107" count="6" type="stmt"/>
          <line num="108" count="6" type="stmt"/>
          <line num="110" count="6" type="stmt"/>
          <line num="111" count="10" type="cond" truecount="1" falsecount="1"/>
          <line num="112" count="10" type="stmt"/>
          <line num="113" count="10" type="cond" truecount="2" falsecount="0"/>
          <line num="118" count="10" type="stmt"/>
          <line num="119" count="34" type="stmt"/>
          <line num="120" count="34" type="cond" truecount="2" falsecount="0"/>
          <line num="121" count="24" type="stmt"/>
          <line num="122" count="24" type="stmt"/>
          <line num="123" count="10" type="stmt"/>
          <line num="125" count="10" type="stmt"/>
          <line num="129" count="6" type="cond" truecount="1" falsecount="1"/>
          <line num="130" count="6" type="stmt"/>
          <line num="133" count="11" type="cond" truecount="1" falsecount="1"/>
          <line num="134" count="15" type="cond" truecount="2" falsecount="0"/>
          <line num="136" count="11" type="cond" truecount="4" falsecount="0"/>
          <line num="142" count="11" type="stmt"/>
          <line num="143" count="38" type="stmt"/>
          <line num="146" count="19" type="cond" truecount="2" falsecount="0"/>
          <line num="147" count="1" type="stmt"/>
          <line num="148" count="1" type="stmt"/>
          <line num="151" count="19" type="cond" truecount="2" falsecount="0"/>
          <line num="154" count="16" type="cond" truecount="2" falsecount="0"/>
          <line num="157" count="13" type="cond" truecount="2" falsecount="0"/>
          <line num="159" count="11" type="stmt"/>
          <line num="160" count="16" type="cond" truecount="2" falsecount="0"/>
          <line num="165" count="19" type="stmt"/>
        </file>
      </package>
      <package name="views">
        <metrics statements="31" coveredstatements="27" conditionals="12" coveredconditionals="10" methods="4" coveredmethods="3"/>
        <file name="Home.vue" path="/Users/prsevero/dev/britecore/src/views/Home.vue">
          <metrics statements="18" coveredstatements="14" conditionals="2" coveredconditionals="1" methods="4" coveredmethods="3"/>
          <line num="9" count="1" type="stmt"/>
          <line num="10" count="1" type="stmt"/>
          <line num="12" count="1" type="stmt"/>
          <line num="17" count="4" type="stmt"/>
          <line num="37" count="1" type="stmt"/>
          <line num="38" count="1" type="stmt"/>
          <line num="39" count="1" type="stmt"/>
          <line num="41" count="1" type="stmt"/>
          <line num="42" count="1" type="stmt"/>
          <line num="51" count="1" type="stmt"/>
          <line num="53" count="1" type="stmt"/>
          <line num="55" count="1" type="cond" truecount="1" falsecount="1"/>
          <line num="63" count="4" type="stmt"/>
          <line num="66" count="0" type="stmt"/>
          <line num="67" count="0" type="stmt"/>
          <line num="68" count="0" type="stmt"/>
          <line num="69" count="0" type="stmt"/>
          <line num="72" count="4" type="stmt"/>
        </file>
        <file name="Login.vue" path="/Users/prsevero/dev/britecore/src/views/Login.vue">
          <metrics statements="13" coveredstatements="13" conditionals="10" coveredconditionals="9" methods="0" coveredmethods="0"/>
          <line num="14" count="1" type="stmt"/>
          <line num="15" count="1" type="stmt"/>
          <line num="21" count="10" type="stmt"/>
          <line num="29" count="13" type="cond" truecount="2" falsecount="0"/>
          <line num="32" count="13" type="cond" truecount="2" falsecount="0"/>
          <line num="37" count="10" type="stmt"/>
          <line num="40" count="3" type="stmt"/>
          <line num="43" count="1" type="stmt"/>
          <line num="46" count="3" type="stmt"/>
          <line num="47" count="3" type="cond" truecount="4" falsecount="0"/>
          <line num="48" count="2" type="stmt"/>
          <line num="49" count="2" type="stmt"/>
          <line num="54" count="20" type="cond" truecount="1" falsecount="1"/>
        </file>
      </package>
    </metrics>
  </project>
</coverage>
