{"/Users/prsevero/dev/britecore/src/components/Datagrid.vue": {"path":"/Users/prsevero/dev/britecore/src/components/Datagrid.vue","statementMap":{"0":{"start":{"line":45,"column":0},"end":{"line":null,"column":-1}},"1":{"start":{"line":47,"column":0},"end":{"line":null,"column":-1}},"2":{"start":{"line":53,"column":0},"end":{"line":null,"column":-1}},"3":{"start":{"line":73,"column":0},"end":{"line":80,"column":0}},"4":{"start":{"line":74,"column":0},"end":{"line":77,"column":0}},"5":{"start":{"line":75,"column":0},"end":{"line":null,"column":-1}},"6":{"start":{"line":79,"column":0},"end":{"line":null,"column":-1}},"7":{"start":{"line":83,"column":0},"end":{"line":null,"column":-1}},"8":{"start":{"line":87,"column":0},"end":{"line":null,"column":-1}},"9":{"start":{"line":92,"column":0},"end":{"line":null,"column":-1}},"10":{"start":{"line":98,"column":0},"end":{"line":null,"column":-1}},"11":{"start":{"line":101,"column":0},"end":{"line":104,"column":0}},"12":{"start":{"line":102,"column":0},"end":{"line":null,"column":-1}},"13":{"start":{"line":103,"column":0},"end":{"line":null,"column":-1}},"14":{"start":{"line":107,"column":0},"end":{"line":null,"column":-1}},"15":{"start":{"line":108,"column":0},"end":{"line":null,"column":-1}},"16":{"start":{"line":110,"column":0},"end":{"line":127,"column":0}},"17":{"start":{"line":111,"column":0},"end":{"line":126,"column":0}},"18":{"start":{"line":112,"column":0},"end":{"line":null,"column":-1}},"19":{"start":{"line":113,"column":0},"end":{"line":null,"column":-1}},"20":{"start":{"line":118,"column":0},"end":{"line":124,"column":0}},"21":{"start":{"line":119,"column":0},"end":{"line":null,"column":-1}},"22":{"start":{"line":120,"column":0},"end":{"line":123,"column":0}},"23":{"start":{"line":121,"column":0},"end":{"line":null,"column":-1}},"24":{"start":{"line":122,"column":0},"end":{"line":null,"column":-1}},"25":{"start":{"line":123,"column":0},"end":{"line":null,"column":-1}},"26":{"start":{"line":125,"column":0},"end":{"line":null,"column":-1}},"27":{"start":{"line":129,"column":0},"end":{"line":null,"column":-1}},"28":{"start":{"line":130,"column":0},"end":{"line":null,"column":-1}},"29":{"start":{"line":133,"column":0},"end":{"line":161,"column":0}},"30":{"start":{"line":134,"column":0},"end":{"line":null,"column":-1}},"31":{"start":{"line":136,"column":0},"end":{"line":null,"column":-1}},"32":{"start":{"line":142,"column":0},"end":{"line":152,"column":0}},"33":{"start":{"line":143,"column":0},"end":{"line":null,"column":-1}},"34":{"start":{"line":146,"column":0},"end":{"line":149,"column":0}},"35":{"start":{"line":147,"column":0},"end":{"line":null,"column":-1}},"36":{"start":{"line":148,"column":0},"end":{"line":null,"column":-1}},"37":{"start":{"line":151,"column":0},"end":{"line":null,"column":-1}},"38":{"start":{"line":154,"column":0},"end":{"line":null,"column":-1}},"39":{"start":{"line":157,"column":0},"end":{"line":null,"column":-1}},"40":{"start":{"line":159,"column":0},"end":{"line":null,"column":-1}},"41":{"start":{"line":160,"column":0},"end":{"line":null,"column":-1}},"42":{"start":{"line":165,"column":0},"end":{"line":null,"column":-1}}},"fnMap":{"0":{"name":"(anonymous_1)","decl":{"start":{"line":73,"column":0},"end":{"line":null,"column":-1}},"loc":{"start":{"line":73,"column":0},"end":{"line":80,"column":0}}},"1":{"name":"(anonymous_2)","decl":{"start":{"line":83,"column":0},"end":{"line":null,"column":-1}},"loc":{"start":{"line":83,"column":0},"end":{"line":null,"column":-1}}},"2":{"name":"(anonymous_3)","decl":{"start":{"line":87,"column":0},"end":{"line":null,"column":-1}},"loc":{"start":{"line":87,"column":0},"end":{"line":null,"column":-1}}},"3":{"name":"(anonymous_4)","decl":{"start":{"line":110,"column":0},"end":{"line":null,"column":-1}},"loc":{"start":{"line":110,"column":0},"end":{"line":127,"column":0}}},"4":{"name":"(anonymous_5)","decl":{"start":{"line":118,"column":0},"end":{"line":null,"column":-1}},"loc":{"start":{"line":118,"column":0},"end":{"line":124,"column":0}}},"5":{"name":"(anonymous_6)","decl":{"start":{"line":142,"column":0},"end":{"line":null,"column":-1}},"loc":{"start":{"line":142,"column":0},"end":{"line":152,"column":0}}}},"branchMap":{"0":{"loc":{"start":{"line":74,"column":0},"end":{"line":77,"column":0}},"type":"if","locations":[{"start":{"line":74,"column":0},"end":{"line":77,"column":0}},{"start":{"line":74,"column":0},"end":{"line":77,"column":0}}]},"1":{"loc":{"start":{"line":75,"column":0},"end":{"line":null,"column":-1}},"type":"if","locations":[{"start":{"line":75,"column":0},"end":{"line":null,"column":-1}},{"start":{"line":75,"column":0},"end":{"line":null,"column":-1}}]},"2":{"loc":{"start":{"line":83,"column":0},"end":{"line":null,"column":-1}},"type":"default-arg","locations":[{"start":{"line":83,"column":0},"end":{"line":null,"column":-1}}]},"3":{"loc":{"start":{"line":92,"column":0},"end":{"line":null,"column":-1}},"type":"binary-expr","locations":[{"start":{"line":92,"column":0},"end":{"line":null,"column":-1}},{"start":{"line":92,"column":0},"end":{"line":null,"column":-1}},{"start":{"line":92,"column":0},"end":{"line":null,"column":-1}}]},"4":{"loc":{"start":{"line":101,"column":0},"end":{"line":104,"column":0}},"type":"if","locations":[{"start":{"line":101,"column":0},"end":{"line":104,"column":0}},{"start":{"line":101,"column":0},"end":{"line":104,"column":0}}]},"5":{"loc":{"start":{"line":111,"column":0},"end":{"line":126,"column":0}},"type":"if","locations":[{"start":{"line":111,"column":0},"end":{"line":126,"column":0}},{"start":{"line":111,"column":0},"end":{"line":126,"column":0}}]},"6":{"loc":{"start":{"line":113,"column":0},"end":{"line":null,"column":-1}},"type":"cond-expr","locations":[{"start":{"line":113,"column":0},"end":{"line":null,"column":-1}},{"start":{"line":113,"column":0},"end":{"line":null,"column":-1}}]},"7":{"loc":{"start":{"line":120,"column":0},"end":{"line":123,"column":0}},"type":"if","locations":[{"start":{"line":120,"column":0},"end":{"line":123,"column":0}},{"start":{"line":120,"column":0},"end":{"line":123,"column":0}}]},"8":{"loc":{"start":{"line":129,"column":0},"end":{"line":null,"column":-1}},"type":"if","locations":[{"start":{"line":129,"column":0},"end":{"line":null,"column":-1}},{"start":{"line":129,"column":0},"end":{"line":null,"column":-1}}]},"9":{"loc":{"start":{"line":132,"column":0},"end":{"line":null,"column":-1}},"type":"default-arg","locations":[{"start":{"line":132,"column":0},"end":{"line":null,"column":-1}}]},"10":{"loc":{"start":{"line":133,"column":0},"end":{"line":161,"column":0}},"type":"if","locations":[{"start":{"line":133,"column":0},"end":{"line":161,"column":0}},{"start":{"line":133,"column":0},"end":{"line":161,"column":0}}]},"11":{"loc":{"start":{"line":134,"column":0},"end":{"line":null,"column":-1}},"type":"if","locations":[{"start":{"line":134,"column":0},"end":{"line":null,"column":-1}},{"start":{"line":134,"column":0},"end":{"line":null,"column":-1}}]},"12":{"loc":{"start":{"line":136,"column":0},"end":{"line":null,"column":-1}},"type":"binary-expr","locations":[{"start":{"line":136,"column":0},"end":{"line":null,"column":-1}},{"start":{"line":136,"column":0},"end":{"line":null,"column":-1}},{"start":{"line":136,"column":0},"end":{"line":null,"column":-1}},{"start":{"line":136,"column":0},"end":{"line":null,"column":-1}}]},"13":{"loc":{"start":{"line":146,"column":0},"end":{"line":149,"column":0}},"type":"if","locations":[{"start":{"line":146,"column":0},"end":{"line":149,"column":0}},{"start":{"line":146,"column":0},"end":{"line":149,"column":0}}]},"14":{"loc":{"start":{"line":151,"column":0},"end":{"line":null,"column":-1}},"type":"cond-expr","locations":[{"start":{"line":151,"column":0},"end":{"line":null,"column":-1}},{"start":{"line":151,"column":0},"end":{"line":null,"column":-1}}]},"15":{"loc":{"start":{"line":154,"column":0},"end":{"line":null,"column":-1}},"type":"if","locations":[{"start":{"line":154,"column":0},"end":{"line":null,"column":-1}},{"start":{"line":154,"column":0},"end":{"line":null,"column":-1}}]},"16":{"loc":{"start":{"line":157,"column":0},"end":{"line":null,"column":-1}},"type":"if","locations":[{"start":{"line":157,"column":0},"end":{"line":null,"column":-1}},{"start":{"line":157,"column":0},"end":{"line":null,"column":-1}}]},"17":{"loc":{"start":{"line":160,"column":0},"end":{"line":null,"column":-1}},"type":"if","locations":[{"start":{"line":160,"column":0},"end":{"line":null,"column":-1}},{"start":{"line":160,"column":0},"end":{"line":null,"column":-1}}]}},"s":{"0":2,"1":4,"2":19,"3":6,"4":14,"5":4,"6":12,"7":3,"8":450,"9":106,"10":0,"11":0,"12":0,"13":0,"14":6,"15":6,"16":6,"17":10,"18":10,"19":10,"20":10,"21":34,"22":34,"23":24,"24":24,"25":10,"26":10,"27":6,"28":6,"29":11,"30":15,"31":11,"32":11,"33":38,"34":19,"35":1,"36":1,"37":19,"38":16,"39":13,"40":11,"41":16,"42":19},"f":{"0":14,"1":2,"2":437,"3":10,"4":34,"5":19},"b":{"0":[2,12],"1":[2,0],"2":[0],"3":[106,97,4],"4":[0,0],"5":[10,0],"6":[6,4],"7":[24,10],"8":[0,6],"9":[5],"10":[11,0],"11":[4,7],"12":[11,1,1,1],"13":[1,18],"14":[18,11],"15":[10,8],"16":[2,9],"17":[5,6]}}
,"/Users/prsevero/dev/britecore/src/views/Home.vue": {"path":"/Users/prsevero/dev/britecore/src/views/Home.vue","statementMap":{"0":{"start":{"line":9,"column":0},"end":{"line":null,"column":-1}},"1":{"start":{"line":10,"column":0},"end":{"line":null,"column":-1}},"2":{"start":{"line":12,"column":0},"end":{"line":null,"column":-1}},"3":{"start":{"line":17,"column":0},"end":{"line":null,"column":-1}},"4":{"start":{"line":37,"column":0},"end":{"line":null,"column":-1}},"5":{"start":{"line":38,"column":0},"end":{"line":null,"column":-1}},"6":{"start":{"line":39,"column":0},"end":{"line":null,"column":-1}},"7":{"start":{"line":41,"column":0},"end":{"line":59,"column":0}},"8":{"start":{"line":42,"column":0},"end":{"line":52,"column":0}},"9":{"start":{"line":51,"column":0},"end":{"line":null,"column":-1}},"10":{"start":{"line":53,"column":0},"end":{"line":null,"column":-1}},"11":{"start":{"line":55,"column":0},"end":{"line":58,"column":0}},"12":{"start":{"line":63,"column":0},"end":{"line":75,"column":0}},"13":{"start":{"line":63,"column":0},"end":{"line":null,"column":-1}},"14":{"start":{"line":66,"column":0},"end":{"line":null,"column":-1}},"15":{"start":{"line":67,"column":0},"end":{"line":null,"column":-1}},"16":{"start":{"line":68,"column":0},"end":{"line":null,"column":-1}},"17":{"start":{"line":69,"column":0},"end":{"line":null,"column":-1}},"18":{"start":{"line":72,"column":0},"end":{"line":null,"column":-1}}},"fnMap":{"0":{"name":"(anonymous_1)","decl":{"start":{"line":41,"column":0},"end":{"line":null,"column":-1}},"loc":{"start":{"line":41,"column":0},"end":{"line":59,"column":0}}},"1":{"name":"(anonymous_2)","decl":{"start":{"line":42,"column":0},"end":{"line":null,"column":-1}},"loc":{"start":{"line":42,"column":0},"end":{"line":52,"column":0}}},"2":{"name":"(anonymous_3)","decl":{"start":{"line":63,"column":0},"end":{"line":null,"column":-1}},"loc":{"start":{"line":63,"column":0},"end":{"line":null,"column":-1}}},"3":{"name":"(anonymous_5)","decl":{"start":{"line":70,"column":0},"end":{"line":null,"column":-1}},"loc":{"start":{"line":70,"column":0},"end":{"line":75,"column":0}}}},"branchMap":{"0":{"loc":{"start":{"line":55,"column":0},"end":{"line":58,"column":0}},"type":"if","locations":[{"start":{"line":55,"column":0},"end":{"line":58,"column":0}},{"start":{"line":55,"column":0},"end":{"line":58,"column":0}}]}},"s":{"0":1,"1":1,"2":1,"3":4,"4":1,"5":1,"6":1,"7":1,"8":1,"9":1,"10":1,"11":1,"12":4,"13":0,"14":0,"15":0,"16":0,"17":0,"18":4},"f":{"0":1,"1":1,"2":0,"3":4},"b":{"0":[1,0]}}
,"/Users/prsevero/dev/britecore/src/views/Login.vue": {"path":"/Users/prsevero/dev/britecore/src/views/Login.vue","statementMap":{"0":{"start":{"line":14,"column":0},"end":{"line":null,"column":-1}},"1":{"start":{"line":15,"column":0},"end":{"line":null,"column":-1}},"2":{"start":{"line":21,"column":0},"end":{"line":null,"column":-1}},"3":{"start":{"line":29,"column":0},"end":{"line":null,"column":-1}},"4":{"start":{"line":32,"column":0},"end":{"line":null,"column":-1}},"5":{"start":{"line":37,"column":0},"end":{"line":null,"column":-1}},"6":{"start":{"line":40,"column":0},"end":{"line":null,"column":-1}},"7":{"start":{"line":43,"column":0},"end":{"line":null,"column":-1}},"8":{"start":{"line":46,"column":0},"end":{"line":null,"column":-1}},"9":{"start":{"line":47,"column":0},"end":{"line":50,"column":0}},"10":{"start":{"line":48,"column":0},"end":{"line":null,"column":-1}},"11":{"start":{"line":49,"column":0},"end":{"line":null,"column":-1}},"12":{"start":{"line":54,"column":0},"end":{"line":56,"column":0}},"13":{"start":{"line":54,"column":0},"end":{"line":null,"column":-1}}},"fnMap":{},"branchMap":{"0":{"loc":{"start":{"line":29,"column":0},"end":{"line":null,"column":-1}},"type":"binary-expr","locations":[{"start":{"line":29,"column":0},"end":{"line":null,"column":-1}},{"start":{"line":29,"column":0},"end":{"line":null,"column":-1}}]},"1":{"loc":{"start":{"line":32,"column":0},"end":{"line":null,"column":-1}},"type":"binary-expr","locations":[{"start":{"line":32,"column":0},"end":{"line":null,"column":-1}},{"start":{"line":32,"column":0},"end":{"line":null,"column":-1}}]},"2":{"loc":{"start":{"line":47,"column":0},"end":{"line":50,"column":0}},"type":"if","locations":[{"start":{"line":47,"column":0},"end":{"line":50,"column":0}},{"start":{"line":47,"column":0},"end":{"line":50,"column":0}}]},"3":{"loc":{"start":{"line":47,"column":0},"end":{"line":null,"column":-1}},"type":"binary-expr","locations":[{"start":{"line":47,"column":0},"end":{"line":null,"column":-1}},{"start":{"line":47,"column":0},"end":{"line":null,"column":-1}}]},"4":{"loc":{"start":{"line":54,"column":0},"end":{"line":56,"column":0}},"type":"if","locations":[{"start":{"line":54,"column":0},"end":{"line":56,"column":0}},{"start":{"line":54,"column":0},"end":{"line":56,"column":0}}]}},"s":{"0":1,"1":1,"2":10,"3":13,"4":13,"5":10,"6":3,"7":1,"8":3,"9":3,"10":2,"11":2,"12":20,"13":0},"f":{},"b":{"0":[13,3],"1":[13,3],"2":[2,1],"3":[3,2],"4":[0,20]}}
}
