TN:
SF:/Users/prsevero/dev/britecore/src/components/Datagrid.vue
FN:73,(anonymous_1)
FN:83,(anonymous_2)
FN:87,(anonymous_3)
FN:110,(anonymous_4)
FN:118,(anonymous_5)
FN:142,(anonymous_6)
FNF:6
FNH:6
FNDA:14,(anonymous_1)
FNDA:2,(anonymous_2)
FNDA:437,(anonymous_3)
FNDA:10,(anonymous_4)
FNDA:34,(anonymous_5)
FNDA:19,(anonymous_6)
DA:45,2
DA:47,4
DA:53,19
DA:73,6
DA:74,14
DA:75,4
DA:79,12
DA:83,3
DA:87,450
DA:92,106
DA:98,0
DA:101,0
DA:102,0
DA:103,0
DA:107,6
DA:108,6
DA:110,6
DA:111,10
DA:112,10
DA:113,10
DA:118,10
DA:119,34
DA:120,34
DA:121,24
DA:122,24
DA:123,10
DA:125,10
DA:129,6
DA:130,6
DA:133,11
DA:134,15
DA:136,11
DA:142,11
DA:143,38
DA:146,19
DA:147,1
DA:148,1
DA:151,19
DA:154,16
DA:157,13
DA:159,11
DA:160,16
DA:165,19
LF:43
LH:39
BRDA:74,0,0,2
BRDA:74,0,1,12
BRDA:75,1,0,2
BRDA:75,1,1,0
BRDA:83,2,0,0
BRDA:92,3,0,106
BRDA:92,3,1,97
BRDA:92,3,2,4
BRDA:101,4,0,0
BRDA:101,4,1,0
BRDA:111,5,0,10
BRDA:111,5,1,0
BRDA:113,6,0,6
BRDA:113,6,1,4
BRDA:120,7,0,24
BRDA:120,7,1,10
BRDA:129,8,0,0
BRDA:129,8,1,6
BRDA:132,9,0,5
BRDA:133,10,0,11
BRDA:133,10,1,0
BRDA:134,11,0,4
BRDA:134,11,1,7
BRDA:136,12,0,11
BRDA:136,12,1,1
BRDA:136,12,2,1
BRDA:136,12,3,1
BRDA:146,13,0,1
BRDA:146,13,1,18
BRDA:151,14,0,18
BRDA:151,14,1,11
BRDA:154,15,0,10
BRDA:154,15,1,8
BRDA:157,16,0,2
BRDA:157,16,1,9
BRDA:160,17,0,5
BRDA:160,17,1,6
BRF:37
BRH:30
end_of_record
TN:
SF:/Users/prsevero/dev/britecore/src/views/Home.vue
FN:41,(anonymous_1)
FN:42,(anonymous_2)
FN:63,(anonymous_3)
FN:70,(anonymous_5)
FNF:4
FNH:3
FNDA:1,(anonymous_1)
FNDA:1,(anonymous_2)
FNDA:0,(anonymous_3)
FNDA:4,(anonymous_5)
DA:9,1
DA:10,1
DA:12,1
DA:17,4
DA:37,1
DA:38,1
DA:39,1
DA:41,1
DA:42,1
DA:51,1
DA:53,1
DA:55,1
DA:63,4
DA:66,0
DA:67,0
DA:68,0
DA:69,0
DA:72,4
LF:18
LH:14
BRDA:55,0,0,1
BRDA:55,0,1,0
BRF:2
BRH:1
end_of_record
TN:
SF:/Users/prsevero/dev/britecore/src/views/Login.vue
FNF:0
FNH:0
DA:14,1
DA:15,1
DA:21,10
DA:29,13
DA:32,13
DA:37,10
DA:40,3
DA:43,1
DA:46,3
DA:47,3
DA:48,2
DA:49,2
DA:54,20
LF:13
LH:13
BRDA:29,0,0,13
BRDA:29,0,1,3
BRDA:32,1,0,13
BRDA:32,1,1,3
BRDA:47,2,0,2
BRDA:47,2,1,1
BRDA:47,3,0,3
BRDA:47,3,1,2
BRDA:54,4,0,0
BRDA:54,4,1,20
BRF:10
BRH:9
end_of_record
